<?xml version="1.0" encoding="UTF-8" ?>
<testsuite tests="4" failures="0" name="myProject1.exceptionHandler.TestControllerTest" time="0.256" errors="0" skipped="0">
  <properties>
[...]
</properties>
  <testcase classname="myProject1.exceptionHandler.TestControllerTest" name="test01" time="0.205"/>
  <testcase classname="myProject1.exceptionHandler.TestControllerTest" name="test" time="0.002"/>
  <testcase classname="myProject1.exceptionHandler.TestControllerTest" name="test1" time="0.003"/>
  <testcase classname="myProject1.exceptionHandler.TestControllerTest" name="test2" time="0.046"/>
</testsuite>